npm verb cli /usr/local/bin/node /usr/local/bin/npm
npm info using npm@9.8.1
npm info using node@v18.18.0
npm verb title npm install
npm verb argv "install" "--legacy-peer-deps" "--loglevel" "verbose"
npm verb logfile logs-max:10 dir:/Users/zuura/.npm/_logs/2023-12-13T02_39_18_782Z-
npm verb logfile /Users/zuura/.npm/_logs/2023-12-13T02_39_18_782Z-debug-0.log
npm http fetch GET 200 https://registry.npmjs.org/browserstack-cypress-cli 5ms (cache hit)
npm http fetch GET 200 https://registry.npmjs.org/cypress 2ms (cache hit)
npm http fetch GET 200 https://registry.npmjs.org/browserstack-local 66ms (cache hit)
npm http fetch GET 200 https://registry.npmjs.org/getmac 67ms (cache hit)
npm http fetch GET 200 https://registry.npmjs.org/archiver 69ms (cache hit)
npm http fetch GET 200 https://registry.npmjs.org/gitconfiglocal 67ms (cache hit)
npm http fetch GET 200 https://registry.npmjs.org/chalk 69ms (cache hit)
npm http fetch GET 200 https://registry.npmjs.org/git-last-commit 68ms (cache hit)
npm http fetch GET 200 https://registry.npmjs.org/glob 69ms (cache hit)
npm http fetch GET 200 https://registry.npmjs.org/request 70ms (cache hit)
npm http fetch GET 200 https://registry.npmjs.org/mocha 71ms (cache hit)
npm http fetch GET 200 https://registry.npmjs.org/cli-progress 75ms (cache hit)
npm http fetch GET 200 https://registry.npmjs.org/node-ipc 74ms (cache hit)
npm http fetch GET 200 https://registry.npmjs.org/uuid 74ms (cache hit)
npm http fetch GET 200 https://registry.npmjs.org/winston 74ms (cache hit)
npm http fetch GET 200 https://registry.npmjs.org/requestretry 75ms (cache hit)
npm http fetch GET 200 https://registry.npmjs.org/@cypress%2frequest 74ms (cache hit)
npm http fetch GET 200 https://registry.npmjs.org/@types%2fsinonjs__fake-timers 72ms (cache hit)
npm http fetch GET 200 https://registry.npmjs.org/yargs 75ms (cache hit)
npm http fetch GET 200 https://registry.npmjs.org/decompress 77ms (cache hit)
npm http fetch GET 200 https://registry.npmjs.org/@types%2fsizzle 74ms (cache hit)
npm http fetch GET 200 https://registry.npmjs.org/table 78ms (cache hit)
npm http fetch GET 200 https://registry.npmjs.org/@cypress%2fxvfb 77ms (cache hit)
npm http fetch GET 200 https://registry.npmjs.org/buffer 74ms (cache hit)
npm http fetch GET 200 https://registry.npmjs.org/git-repo-info 81ms (cache hit)
npm http fetch GET 200 https://registry.npmjs.org/arch 76ms (cache hit)
npm http fetch GET 200 https://registry.npmjs.org/cachedir 75ms (cache hit)
npm http fetch GET 200 https://registry.npmjs.org/cli-cursor 75ms (cache hit)
npm http fetch GET 200 https://registry.npmjs.org/check-more-types 76ms (cache hit)
npm http fetch GET 200 https://registry.npmjs.org/debug 75ms (cache hit)
npm http fetch GET 200 https://registry.npmjs.org/blob-util 78ms (cache hit)
npm http fetch GET 200 https://registry.npmjs.org/windows-release 81ms (cache hit)
npm http fetch GET 200 https://registry.npmjs.org/update-notifier 84ms (cache hit)
npm http fetch GET 200 https://registry.npmjs.org/common-tags 79ms (cache hit)
npm http fetch GET 200 https://registry.npmjs.org/eventemitter2 78ms (cache hit)
npm http fetch GET 200 https://registry.npmjs.org/executable 77ms (cache hit)
npm http fetch GET 200 https://registry.npmjs.org/commander 80ms (cache hit)
npm http fetch GET 200 https://registry.npmjs.org/figures 77ms (cache hit)
npm http fetch GET 200 https://registry.npmjs.org/fs-extra 78ms (cache hit)
npm http fetch GET 200 https://registry.npmjs.org/dayjs 82ms (cache hit)
npm http fetch GET 200 https://registry.npmjs.org/getos 80ms (cache hit)
npm http fetch GET 200 https://registry.npmjs.org/extract-zip 80ms (cache hit)
npm http fetch GET 200 https://registry.npmjs.org/mkdirp 89ms (cache hit)
npm http fetch GET 200 https://registry.npmjs.org/enquirer 82ms (cache hit)
npm http fetch GET 200 https://registry.npmjs.org/is-ci 81ms (cache hit)
npm http fetch GET 200 https://registry.npmjs.org/lazy-ass 80ms (cache hit)
npm http fetch GET 200 https://registry.npmjs.org/log-symbols 80ms (cache hit)
npm http fetch GET 200 https://registry.npmjs.org/lodash 81ms (cache hit)
npm http fetch GET 200 https://registry.npmjs.org/cli-table3 85ms (cache hit)
npm http fetch GET 200 https://registry.npmjs.org/pretty-bytes 81ms (cache hit)
npm http fetch GET 200 https://registry.npmjs.org/minimist 81ms (cache hit)
npm http fetch GET 200 https://registry.npmjs.org/semver 79ms (cache hit)
npm http fetch GET 200 https://registry.npmjs.org/ospath 82ms (cache hit)
npm http fetch GET 200 https://registry.npmjs.org/async 95ms (cache hit)
npm http fetch GET 200 https://registry.npmjs.org/listr2 84ms (cache hit)
npm http fetch GET 200 https://registry.npmjs.org/@types%2fnode 95ms (cache hit)
npm http fetch GET 200 https://registry.npmjs.org/tmp 93ms (cache hit)
npm http fetch GET 200 https://registry.npmjs.org/untildify 95ms (cache hit)
npm http fetch GET 200 https://registry.npmjs.org/yauzl 96ms (cache hit)
npm http fetch GET 200 https://registry.npmjs.org/supports-color 97ms (cache hit)
npm http fetch GET 200 https://registry.npmjs.org/execa 103ms (cache hit)
npm http fetch GET 200 https://registry.npmjs.org/fs-extra 114ms (cache hit)
npm http fetch GET 200 https://registry.npmjs.org/proxy-from-env 100ms (cache hit)
npm http fetch GET 200 https://registry.npmjs.org/is-installed-globally 103ms (cache hit)
npm http fetch GET 200 https://registry.npmjs.org/request-progress 100ms (cache hit)
npm http fetch GET 200 https://registry.npmjs.org/chalk 108ms (cache hit)
npm http fetch GET 200 https://registry.npmjs.org/bluebird 110ms (cache hit)
npm http fetch GET 200 https://registry.npmjs.org/process 201ms (cache revalidated)
npm http fetch GET 200 https://registry.npmjs.org/tar-stream 84ms (cache hit)
npm http fetch GET 200 https://registry.npmjs.org/buffer-crc32 85ms (cache hit)
npm http fetch GET 200 https://registry.npmjs.org/archiver-utils 87ms (cache hit)
npm http fetch GET 200 https://registry.npmjs.org/agent-base 83ms (cache hit)
npm http fetch GET 200 https://registry.npmjs.org/is-running 84ms (cache hit)
npm http fetch GET 200 https://registry.npmjs.org/string-width 81ms (cache hit)
npm http fetch GET 200 https://registry.npmjs.org/decompress-tarbz2 82ms (cache hit)
npm http fetch GET 200 https://registry.npmjs.org/decompress-unzip 81ms (cache hit)
npm http fetch GET 200 https://registry.npmjs.org/ansi-styles 83ms (cache hit)
npm http fetch GET 200 https://registry.npmjs.org/https-proxy-agent 86ms (cache hit)
npm http fetch GET 200 https://registry.npmjs.org/decompress-targz 82ms (cache hit)
npm http fetch GET 200 https://registry.npmjs.org/pify 81ms (cache hit)
npm http fetch GET 200 https://registry.npmjs.org/make-dir 82ms (cache hit)
npm http fetch GET 200 https://registry.npmjs.org/decompress-tar 83ms (cache hit)
npm http fetch GET 200 https://registry.npmjs.org/ps-tree 86ms (cache hit)
npm http fetch GET 200 https://registry.npmjs.org/strip-dirs 83ms (cache hit)
npm http fetch GET 200 https://registry.npmjs.org/temp-fs 87ms (cache hit)
npm http fetch GET 200 https://registry.npmjs.org/jsonfile 82ms (cache hit)
npm http fetch GET 200 https://registry.npmjs.org/ini 81ms (cache hit)
npm http fetch GET 200 https://registry.npmjs.org/inflight 80ms (cache hit)
npm http fetch GET 200 https://registry.npmjs.org/universalify 83ms (cache hit)
npm http fetch GET 200 https://registry.npmjs.org/path-is-absolute 79ms (cache hit)
npm http fetch GET 200 https://registry.npmjs.org/fs.realpath 82ms (cache hit)
npm http fetch GET 200 https://registry.npmjs.org/graceful-fs 84ms (cache hit)
npm http fetch GET 200 https://registry.npmjs.org/browser-stdout 79ms (cache hit)
npm http fetch GET 200 https://registry.npmjs.org/escape-string-regexp 78ms (cache hit)
npm http fetch GET 200 https://registry.npmjs.org/chokidar 79ms (cache hit)
npm http fetch GET 200 https://registry.npmjs.org/ansi-colors 80ms (cache hit)
npm http fetch GET 200 https://registry.npmjs.org/inherits 82ms (cache hit)
npm http fetch GET 200 https://registry.npmjs.org/ms 77ms (cache hit)
npm http fetch GET 200 https://registry.npmjs.org/find-up 79ms (cache hit)
npm http fetch GET 200 https://registry.npmjs.org/once 81ms (cache hit)
npm http fetch GET 200 https://registry.npmjs.org/he 79ms (cache hit)
npm http fetch GET 200 https://registry.npmjs.org/diff 80ms (cache hit)
npm http fetch GET 200 https://registry.npmjs.org/strip-json-comments 77ms (cache hit)
npm http fetch GET 200 https://registry.npmjs.org/serialize-javascript 77ms (cache hit)
npm http fetch GET 200 https://registry.npmjs.org/nanoid 78ms (cache hit)
npm http fetch GET 200 https://registry.npmjs.org/minimatch 79ms (cache hit)
npm http fetch GET 200 https://registry.npmjs.org/workerpool 79ms (cache hit)
npm http fetch GET 200 https://registry.npmjs.org/yargs-unparser 78ms (cache hit)
npm http fetch GET 200 https://registry.npmjs.org/aws4 76ms (cache hit)
npm http fetch GET 200 https://registry.npmjs.org/js-message 77ms (cache hit)
npm http fetch GET 200 https://registry.npmjs.org/event-pubsub 77ms (cache hit)
npm http fetch GET 200 https://registry.npmjs.org/har-validator 75ms (cache hit)
npm http fetch GET 200 https://registry.npmjs.org/yargs-parser 79ms (cache hit)
npm http fetch GET 200 https://registry.npmjs.org/minimatch 86ms (cache hit)
npm http fetch GET 200 https://registry.npmjs.org/form-data 77ms (cache hit)
npm http fetch GET 200 https://registry.npmjs.org/graceful-fs 92ms (cache hit)
npm http fetch GET 200 https://registry.npmjs.org/js-queue 80ms (cache hit)
npm http fetch GET 200 https://registry.npmjs.org/extend 78ms (cache hit)
npm http fetch GET 200 https://registry.npmjs.org/aws-sign2 79ms (cache hit)
npm http fetch GET 200 https://registry.npmjs.org/isstream 76ms (cache hit)
npm http fetch GET 200 https://registry.npmjs.org/json-stringify-safe 75ms (cache hit)
npm http fetch GET 200 https://registry.npmjs.org/performance-now 75ms (cache hit)
npm http fetch GET 200 https://registry.npmjs.org/http-signature 77ms (cache hit)
npm http fetch GET 200 https://registry.npmjs.org/combined-stream 79ms (cache hit)
npm http fetch GET 200 https://registry.npmjs.org/safe-buffer 75ms (cache hit)
npm http fetch GET 200 https://registry.npmjs.org/is-typedarray 78ms (cache hit)
npm http fetch GET 200 https://registry.npmjs.org/tunnel-agent 75ms (cache hit)
npm http fetch GET 200 https://registry.npmjs.org/qs 75ms (cache hit)
npm http fetch GET 200 https://registry.npmjs.org/mime-types 77ms (cache hit)
npm http fetch GET 200 https://registry.npmjs.org/has-yarn 73ms (cache hit)
npm http fetch GET 200 https://registry.npmjs.org/string-width 74ms (cache hit)
npm http fetch GET 200 https://registry.npmjs.org/extend 75ms (cache hit)
npm http fetch GET 200 https://registry.npmjs.org/is-npm 73ms (cache hit)
npm http fetch GET 200 https://registry.npmjs.org/boxen 74ms (cache hit)
npm http fetch GET 200 https://registry.npmjs.org/latest-version 73ms (cache hit)
npm http fetch GET 200 https://registry.npmjs.org/is-yarn-global 74ms (cache hit)
npm http fetch GET 200 https://registry.npmjs.org/pupa 73ms (cache hit)
npm http fetch GET 200 https://registry.npmjs.org/slice-ansi 75ms (cache hit)
npm http fetch GET 200 https://registry.npmjs.org/caseless 82ms (cache hit)
npm http fetch GET 200 https://registry.npmjs.org/configstore 75ms (cache hit)
npm http fetch GET 200 https://registry.npmjs.org/oauth-sign 79ms (cache hit)
npm http fetch GET 200 https://registry.npmjs.org/semver-diff 74ms (cache hit)
npm http fetch GET 200 https://registry.npmjs.org/xdg-basedir 74ms (cache hit)
npm http fetch GET 200 https://registry.npmjs.org/forever-agent 82ms (cache hit)
npm http fetch GET 200 https://registry.npmjs.org/eyes 72ms (cache hit)
npm http fetch GET 200 https://registry.npmjs.org/ajv 78ms (cache hit)
npm http fetch GET 200 https://registry.npmjs.org/decamelize 74ms (cache hit)
npm http fetch GET 200 https://registry.npmjs.org/get-caller-file 74ms (cache hit)
npm http fetch GET 200 https://registry.npmjs.org/import-lazy 78ms (cache hit)
npm http fetch GET 200 https://registry.npmjs.org/cliui 74ms (cache hit)
npm http fetch GET 200 https://registry.npmjs.org/find-up 74ms (cache hit)
npm http fetch GET 200 https://registry.npmjs.org/readdir-glob 105ms (cache hit)
npm http fetch GET 200 https://registry.npmjs.org/isstream 76ms (cache hit)
npm http fetch GET 200 https://registry.npmjs.org/stack-trace 76ms (cache hit)
npm http fetch GET 200 https://registry.npmjs.org/yargs-parser 73ms (cache hit)
npm http fetch GET 200 https://registry.npmjs.org/require-main-filename 74ms (cache hit)
npm http fetch GET 200 https://registry.npmjs.org/cycle 76ms (cache hit)
npm http fetch GET 200 https://registry.npmjs.org/readable-stream 108ms (cache hit)
npm http fetch GET 200 https://registry.npmjs.org/colors 78ms (cache hit)
npm http fetch GET 200 https://registry.npmjs.org/y18n 76ms (cache hit)
npm http fetch GET 200 https://registry.npmjs.org/js-yaml 94ms (cache hit)
npm http fetch GET 200 https://registry.npmjs.org/require-directory 77ms (cache hit)
npm http fetch GET 200 https://registry.npmjs.org/set-blocking 78ms (cache hit)
npm http fetch GET 200 https://registry.npmjs.org/zip-stream 110ms (cache hit)
npm http fetch GET 200 https://registry.npmjs.org/which-module 77ms (cache hit)
npm http fetch GET 200 https://registry.npmjs.org/tough-cookie 86ms (cache hit)
npm http fetch GET 200 https://registry.npmjs.org/string_decoder 9ms (cache hit)
npm http fetch GET 200 https://registry.npmjs.org/lodash.difference 12ms (cache hit)
npm http fetch GET 200 https://registry.npmjs.org/lodash.defaults 12ms (cache hit)
npm http fetch GET 200 https://registry.npmjs.org/lazystream 12ms (cache hit)
npm http fetch GET 200 https://registry.npmjs.org/lodash.isplainobject 11ms (cache hit)
npm http fetch GET 200 https://registry.npmjs.org/end-of-stream 9ms (cache hit)
npm http fetch GET 200 https://registry.npmjs.org/lodash.flatten 13ms (cache hit)
npm http fetch GET 200 https://registry.npmjs.org/util-deprecate 11ms (cache hit)
npm http fetch GET 200 https://registry.npmjs.org/fs-constants 10ms (cache hit)
npm http fetch GET 200 https://registry.npmjs.org/normalize-path 12ms (cache hit)
npm http fetch GET 200 https://registry.npmjs.org/lodash.union 12ms (cache hit)
npm http fetch GET 200 https://registry.npmjs.org/compress-commons 10ms (cache hit)
npm http fetch GET 200 https://registry.npmjs.org/bl 11ms (cache hit)
npm http fetch GET 200 https://registry.npmjs.org/isarray 2ms (cache hit)
npm http fetch GET 200 https://registry.npmjs.org/process-nextick-args 2ms (cache hit)
npm http fetch GET 200 https://registry.npmjs.org/core-util-is 3ms (cache hit)
npm http fetch GET 200 https://registry.npmjs.org/event-stream 3ms (cache hit)
npm http fetch GET 200 https://registry.npmjs.org/rimraf 3ms (cache hit)
npm http fetch GET 200 https://registry.npmjs.org/has-flag 1ms (cache hit)
npm http fetch GET 200 https://registry.npmjs.org/color-convert 2ms (cache hit)
npm http fetch GET 200 https://registry.npmjs.org/color-name 1ms (cache hit)
npm http fetch GET 200 https://registry.npmjs.org/is-fullwidth-code-point 2ms (cache hit)
npm http fetch GET 200 https://registry.npmjs.org/emoji-regex 3ms (cache hit)
npm http fetch GET 200 https://registry.npmjs.org/strip-ansi 2ms (cache hit)
npm http fetch GET 200 https://registry.npmjs.org/restore-cursor 28ms (cache hit)
npm http fetch GET 200 https://registry.npmjs.org/cross-spawn 27ms (cache hit)
npm http fetch GET 200 https://registry.npmjs.org/base64-js 29ms (cache hit)
npm http fetch GET 200 https://registry.npmjs.org/get-stream 28ms (cache hit)
npm http fetch GET 200 https://registry.npmjs.org/lodash.once 33ms (cache hit)
npm http fetch GET 200 https://registry.npmjs.org/is-stream 28ms (cache hit)
npm http fetch GET 200 https://registry.npmjs.org/npm-run-path 27ms (cache hit)
npm http fetch GET 200 https://registry.npmjs.org/get-stream 26ms (cache hit)
npm http fetch GET 200 https://registry.npmjs.org/@colors%2fcolors 29ms (cache hit)
npm http fetch GET 200 https://registry.npmjs.org/@types%2fyauzl 27ms (cache hit)
npm http fetch GET 200 https://registry.npmjs.org/merge-stream 28ms (cache hit)
npm http fetch GET 200 https://registry.npmjs.org/signal-exit 28ms (cache hit)
npm http fetch GET 200 https://registry.npmjs.org/onetime 28ms (cache hit)
npm http fetch GET 200 https://registry.npmjs.org/is-path-inside 25ms (cache hit)
npm http fetch GET 200 https://registry.npmjs.org/at-least-node 26ms (cache hit)
npm http fetch GET 200 https://registry.npmjs.org/human-signals 30ms (cache hit)
npm http fetch GET 200 https://registry.npmjs.org/ieee754 32ms (cache hit)
npm http fetch GET 200 https://registry.npmjs.org/strip-final-newline 29ms (cache hit)
npm http fetch GET 200 https://registry.npmjs.org/log-update 26ms (cache hit)
npm http fetch GET 200 https://registry.npmjs.org/ci-info 27ms (cache hit)
npm http fetch GET 200 https://registry.npmjs.org/global-dirs 26ms (cache hit)
npm http fetch GET 200 https://registry.npmjs.org/colorette 26ms (cache hit)
npm http fetch GET 200 https://registry.npmjs.org/p-map 26ms (cache hit)
npm http fetch GET 200 https://registry.npmjs.org/rxjs 26ms (cache hit)
npm http fetch GET 200 https://registry.npmjs.org/is-unicode-supported 27ms (cache hit)
npm http fetch GET 200 https://registry.npmjs.org/cli-truncate 29ms (cache hit)
npm http fetch GET 200 https://registry.npmjs.org/wrap-ansi 28ms (cache hit)
npm http fetch GET 200 https://registry.npmjs.org/rfdc 29ms (cache hit)
npm http fetch GET 200 https://registry.npmjs.org/lru-cache 26ms (cache hit)
npm http fetch GET 200 https://registry.npmjs.org/through 29ms (cache hit)
npm http fetch GET 200 https://registry.npmjs.org/fd-slicer 26ms (cache hit)
npm http fetch GET 200 https://registry.npmjs.org/throttleit 28ms (cache hit)
npm http fetch GET 200 https://registry.npmjs.org/undici-types 65ms (cache revalidated)
npm http fetch GET 200 https://registry.npmjs.org/delayed-stream 10ms (cache hit)
npm http fetch GET 200 https://registry.npmjs.org/jsprim 9ms (cache hit)
npm http fetch GET 200 https://registry.npmjs.org/asynckit 10ms (cache hit)
npm http fetch GET 200 https://registry.npmjs.org/mime-db 9ms (cache hit)
npm http fetch GET 200 https://registry.npmjs.org/assert-plus 10ms (cache hit)
npm http fetch GET 200 https://registry.npmjs.org/sshpk 10ms (cache hit)
npm http fetch GET 200 https://registry.npmjs.org/url-parse 8ms (cache hit)
npm http fetch GET 200 https://registry.npmjs.org/psl 9ms (cache hit)
npm http fetch GET 200 https://registry.npmjs.org/side-channel 10ms (cache hit)
npm http fetch GET 200 https://registry.npmjs.org/punycode 9ms (cache hit)
npm http fetch GET 200 https://registry.npmjs.org/unbzip2-stream 5ms (cache hit)
npm http fetch GET 200 https://registry.npmjs.org/file-type 7ms (cache hit)
npm http fetch GET 200 https://registry.npmjs.org/is-natural-number 6ms (cache hit)
npm http fetch GET 200 https://registry.npmjs.org/seek-bzip 7ms (cache hit)
npm http fetch GET 200 https://registry.npmjs.org/file-type 6ms (cache hit)
npm http fetch GET 200 https://registry.npmjs.org/file-type 8ms (cache hit)
npm http fetch GET 200 https://registry.npmjs.org/buffer-alloc 2ms (cache hit)
npm http fetch GET 200 https://registry.npmjs.org/to-buffer 2ms (cache hit)
npm http fetch GET 200 https://registry.npmjs.org/xtend 3ms (cache hit)
npm http fetch GET 200 https://registry.npmjs.org/pinkie-promise 1ms (cache hit)
npm http fetch GET 200 https://registry.npmjs.org/object-assign 1ms (cache hit)
npm http fetch GET 200 https://registry.npmjs.org/ansi-regex 3ms (cache hit)
npm http fetch GET 200 https://registry.npmjs.org/pump 8ms (cache hit)
npm http fetch GET 200 https://registry.npmjs.org/path-key 7ms (cache hit)
npm http fetch GET 200 https://registry.npmjs.org/which 9ms (cache hit)
npm http fetch GET 200 https://registry.npmjs.org/path-key 11ms (cache hit)
npm http fetch GET 200 https://registry.npmjs.org/mimic-fn 7ms (cache hit)
npm http fetch GET 200 https://registry.npmjs.org/shebang-command 11ms (cache hit)
npm http fetch GET 200 https://registry.npmjs.org/shebang-regex 2ms (cache hit)
npm http fetch GET 200 https://registry.npmjs.org/isexe 2ms (cache hit)
npm http fetch GET 200 https://registry.npmjs.org/pinkie 1ms (cache hit)
npm http fetch GET 200 https://registry.npmjs.org/wrappy 2ms (cache hit)
npm http fetch GET 200 https://registry.npmjs.org/brace-expansion 1ms (cache hit)
npm http fetch GET 200 https://registry.npmjs.org/json-schema 8ms (cache hit)
npm http fetch GET 200 https://registry.npmjs.org/extsprintf 8ms (cache hit)
npm http fetch GET 200 https://registry.npmjs.org/verror 8ms (cache hit)
npm http fetch GET 200 https://registry.npmjs.org/safer-buffer 7ms (cache hit)
npm http fetch GET 200 https://registry.npmjs.org/asn1 8ms (cache hit)
npm http fetch GET 200 https://registry.npmjs.org/getpass 8ms (cache hit)
npm http fetch GET 200 https://registry.npmjs.org/jsbn 7ms (cache hit)
npm http fetch GET 200 https://registry.npmjs.org/tweetnacl 8ms (cache hit)
npm http fetch GET 200 https://registry.npmjs.org/dashdash 9ms (cache hit)
npm http fetch GET 200 https://registry.npmjs.org/bcrypt-pbkdf 8ms (cache hit)
npm http fetch GET 200 https://registry.npmjs.org/ecc-jsbn 8ms (cache hit)
npm http fetch GET 200 https://registry.npmjs.org/ansi-escapes 4ms (cache hit)
npm http fetch GET 200 https://registry.npmjs.org/aggregate-error 4ms (cache hit)
npm http fetch GET 200 https://registry.npmjs.org/tslib 4ms (cache hit)
npm http fetch GET 200 https://registry.npmjs.org/astral-regex 1ms (cache hit)
npm http fetch GET 200 https://registry.npmjs.org/type-fest 2ms (cache hit)
npm http fetch GET 200 https://registry.npmjs.org/balanced-match 2ms (cache hit)
npm http fetch GET 200 https://registry.npmjs.org/concat-map 2ms (cache hit)
npm http fetch GET 200 https://registry.npmjs.org/anymatch 11ms (cache hit)
npm http fetch GET 200 https://registry.npmjs.org/fsevents 11ms (cache hit)
npm http fetch GET 200 https://registry.npmjs.org/readdirp 11ms (cache hit)
npm http fetch GET 200 https://registry.npmjs.org/braces 12ms (cache hit)
npm http fetch GET 200 https://registry.npmjs.org/glob-parent 13ms (cache hit)
npm http fetch GET 200 https://registry.npmjs.org/randombytes 10ms (cache hit)
npm http fetch GET 200 https://registry.npmjs.org/argparse 12ms (cache hit)
npm http fetch GET 200 https://registry.npmjs.org/path-exists 12ms (cache hit)
npm http fetch GET 200 https://registry.npmjs.org/is-binary-path 14ms (cache hit)
npm http fetch GET 200 https://registry.npmjs.org/is-glob 15ms (cache hit)
npm http fetch GET 200 https://registry.npmjs.org/locate-path 14ms (cache hit)
npm http fetch GET 200 https://registry.npmjs.org/flat 9ms (cache hit)
npm http fetch GET 200 https://registry.npmjs.org/camelcase 10ms (cache hit)
npm http fetch GET 200 https://registry.npmjs.org/escalade 10ms (cache hit)
npm http fetch GET 200 https://registry.npmjs.org/is-plain-obj 10ms (cache hit)
npm http fetch GET 200 https://registry.npmjs.org/binary-extensions 3ms (cache hit)
npm http fetch GET 200 https://registry.npmjs.org/picomatch 4ms (cache hit)
npm http fetch GET 200 https://registry.npmjs.org/is-extglob 3ms (cache hit)
npm http fetch GET 200 https://registry.npmjs.org/picomatch 4ms (cache hit)
npm http fetch GET 200 https://registry.npmjs.org/fill-range 5ms (cache hit)
npm http fetch GET 200 https://registry.npmjs.org/to-regex-range 1ms (cache hit)
npm http fetch GET 200 https://registry.npmjs.org/is-number 1ms (cache hit)
npm http fetch GET 200 https://registry.npmjs.org/p-locate 1ms (cache hit)
npm http fetch GET 200 https://registry.npmjs.org/p-limit 1ms (cache hit)
npm http fetch GET 200 https://registry.npmjs.org/easy-stack 0ms (cache hit)
npm http fetch GET 200 https://registry.npmjs.org/yocto-queue 0ms (cache hit)
npm http fetch GET 200 https://registry.npmjs.org/indent-string 1ms (cache hit)
npm http fetch GET 200 https://registry.npmjs.org/clean-stack 2ms (cache hit)
npm http fetch GET 200 https://registry.npmjs.org/duplexer 4ms (cache hit)
npm http fetch GET 200 https://registry.npmjs.org/map-stream 5ms (cache hit)
npm http fetch GET 200 https://registry.npmjs.org/split 4ms (cache hit)
npm http fetch GET 200 https://registry.npmjs.org/pause-stream 5ms (cache hit)
npm http fetch GET 200 https://registry.npmjs.org/stream-combiner 4ms (cache hit)
npm http fetch GET 200 https://registry.npmjs.org/from 5ms (cache hit)
npm http fetch GET 200 https://registry.npmjs.org/call-bind 2ms (cache hit)
npm http fetch GET 200 https://registry.npmjs.org/get-intrinsic 2ms (cache hit)
npm http fetch GET 200 https://registry.npmjs.org/object-inspect 2ms (cache hit)
npm http fetch GET 200 https://registry.npmjs.org/har-schema 2ms (cache hit)
npm http fetch GET 200 https://registry.npmjs.org/fast-json-stable-stringify 3ms (cache hit)
npm http fetch GET 200 https://registry.npmjs.org/fast-deep-equal 4ms (cache hit)
npm http fetch GET 200 https://registry.npmjs.org/uri-js 4ms (cache hit)
npm http fetch GET 200 https://registry.npmjs.org/json-schema-traverse 4ms (cache hit)
npm http fetch GET 200 https://registry.npmjs.org/yallist 1ms (cache hit)
npm http fetch GET 200 https://registry.npmjs.org/set-function-length 3ms (cache hit)
npm http fetch GET 200 https://registry.npmjs.org/has-proto 3ms (cache hit)
npm http fetch GET 200 https://registry.npmjs.org/hasown 2ms (cache hit)
npm http fetch GET 200 https://registry.npmjs.org/has-symbols 3ms (cache hit)
npm http fetch GET 200 https://registry.npmjs.org/function-bind 4ms (cache hit)
npm http fetch GET 200 https://registry.npmjs.org/has-property-descriptors 3ms (cache hit)
npm http fetch GET 200 https://registry.npmjs.org/define-data-property 3ms (cache hit)
npm http fetch GET 200 https://registry.npmjs.org/gopd 4ms (cache hit)
npm http fetch GET 200 https://registry.npmjs.org/querystringify 2ms (cache hit)
npm http fetch GET 200 https://registry.npmjs.org/requires-port 3ms (cache hit)
npm http fetch GET 200 https://registry.npmjs.org/write-file-atomic 6ms (cache hit)
npm http fetch GET 200 https://registry.npmjs.org/ansi-align 7ms (cache hit)
npm http fetch GET 200 https://registry.npmjs.org/dot-prop 7ms (cache hit)
npm http fetch GET 200 https://registry.npmjs.org/widest-line 7ms (cache hit)
npm http fetch GET 200 https://registry.npmjs.org/cli-boxes 8ms (cache hit)
npm http fetch GET 200 https://registry.npmjs.org/unique-string 7ms (cache hit)
npm http fetch GET 200 https://registry.npmjs.org/package-json 6ms (cache hit)
npm http fetch GET 200 https://registry.npmjs.org/escape-goat 5ms (cache hit)
npm http fetch GET 200 https://registry.npmjs.org/crypto-random-string 3ms (cache hit)
npm http fetch GET 200 https://registry.npmjs.org/is-obj 5ms (cache hit)
npm http fetch GET 200 https://registry.npmjs.org/imurmurhash 4ms (cache hit)
npm http fetch GET 200 https://registry.npmjs.org/typedarray-to-buffer 3ms (cache hit)
npm http fetch GET 200 https://registry.npmjs.org/got 2ms (cache hit)
npm http fetch GET 200 https://registry.npmjs.org/registry-auth-token 4ms (cache hit)
npm http fetch GET 200 https://registry.npmjs.org/registry-url 4ms (cache hit)
npm http fetch GET 200 https://registry.npmjs.org/@szmarczak%2fhttp-timer 8ms (cache hit)
npm http fetch GET 200 https://registry.npmjs.org/lowercase-keys 7ms (cache hit)
npm http fetch GET 200 https://registry.npmjs.org/@sindresorhus%2fis 8ms (cache hit)
npm http fetch GET 200 https://registry.npmjs.org/decompress-response 9ms (cache hit)
npm http fetch GET 200 https://registry.npmjs.org/mimic-response 8ms (cache hit)
npm http fetch GET 200 https://registry.npmjs.org/cacheable-request 9ms (cache hit)
npm http fetch GET 200 https://registry.npmjs.org/to-readable-stream 9ms (cache hit)
npm http fetch GET 200 https://registry.npmjs.org/duplexer3 9ms (cache hit)
npm http fetch GET 200 https://registry.npmjs.org/rc 8ms (cache hit)
npm http fetch GET 200 https://registry.npmjs.org/rc 8ms (cache hit)
npm http fetch GET 200 https://registry.npmjs.org/url-parse-lax 9ms (cache hit)
npm http fetch GET 200 https://registry.npmjs.org/p-cancelable 9ms (cache hit)
npm http fetch GET 200 https://registry.npmjs.org/defer-to-connect 5ms (cache hit)
npm http fetch GET 200 https://registry.npmjs.org/clone-response 6ms (cache hit)
npm http fetch GET 200 https://registry.npmjs.org/keyv 6ms (cache hit)
npm http fetch GET 200 https://registry.npmjs.org/http-cache-semantics 7ms (cache hit)
npm http fetch GET 200 https://registry.npmjs.org/prepend-http 5ms (cache hit)
npm http fetch GET 200 https://registry.npmjs.org/responselike 6ms (cache hit)
npm http fetch GET 200 https://registry.npmjs.org/normalize-url 6ms (cache hit)
npm http fetch GET 200 https://registry.npmjs.org/json-buffer 2ms (cache hit)
npm http fetch GET 200 https://registry.npmjs.org/deep-extend 1ms (cache hit)
npm http fetch GET 200 https://registry.npmjs.org/pend 1ms (cache hit)
npm http fetch GET 200 https://registry.npmjs.org/crc32-stream 1ms (cache hit)
npm http fetch GET 200 https://registry.npmjs.org/crc-32 1ms (cache hit)
npm http fetch GET 200 https://registry.npmjs.org/buffer-alloc-unsafe 3ms (cache hit)
npm http fetch GET 200 https://registry.npmjs.org/buffer-fill 3ms (cache hit)
npm http fetch GET 200 https://registry.npmjs.org/p-try 1ms (cache hit)
npm http fetch POST 200 https://registry.npmjs.org/-/npm/v1/security/advisories/bulk 245ms
npm WARN deprecated har-validator@5.1.5: this library is no longer supported
npm WARN deprecated uuid@3.4.0: Please upgrade  to version 7 or higher.  Older versions may use Math.random() in certain circumstances, which is known to be problematic.  See https://v8.dev/blog/math-random for details.
npm WARN deprecated request@2.88.2: request has been deprecated, see https://github.com/request/request/issues/3142
npm info run cypress@13.6.1 postinstall node_modules/cypress node index.js --exec install
npm info run cypress@13.6.1 postinstall { code: 0, signal: null }

added 450 packages, and audited 451 packages in 2s

66 packages are looking for funding
  run `npm fund` for details

7 moderate severity vulnerabilities

To address all issues (including breaking changes), run:
  npm audit fix --force

Run `npm audit` for details.
npm verb exit 0
npm info ok 
